app/build/intermediates/manifest_merge_blame_file/debug/manifest-merger-blame-debug-report.txt
1<?xml version="1.0" encoding="utf-8"?>
2<manifest xmlns:android="http://schemas.android.com/apk/res/android"
3    package="com.wgd.wgdfilepicker"
4    android:versionCode="1"
5    android:versionName="1.0" >
6
7    <uses-sdk
8        android:minSdkVersion="19"
8-->src\main\AndroidManifest.xml
9        android:targetSdkVersion="30" />
9-->src\main\AndroidManifest.xml
10
11    <uses-permission android:name="android.permission.READ_EXTERNAL_STORAGE" />
11-->[:wgdFilePickerLib] AndroidManifest.xml:9:5-80
11-->[:wgdFilePickerLib] AndroidManifest.xml:9:22-77
12    <uses-permission android:name="android.permission.WRITE_EXTERNAL_STORAGE" />
12-->[:wgdFilePickerLib] AndroidManifest.xml:10:5-81
12-->[:wgdFilePickerLib] AndroidManifest.xml:10:22-78
13
14    <application
14-->src\main\AndroidManifest.xml:5:5-19:19
15        android:allowBackup="true"
15-->src\main\AndroidManifest.xml:6:9-35
16        android:appComponentFactory="androidx.core.app.CoreComponentFactory"
16-->[androidx.core:core:1.3.1] AndroidManifest.xml:24:18-86
17        android:debuggable="true"
18        android:icon="@mipmap/ic_launcher"
18-->src\main\AndroidManifest.xml:7:9-43
19        android:label="@string/app_name"
19-->src\main\AndroidManifest.xml:8:9-41
20        android:roundIcon="@mipmap/ic_launcher_round"
20-->src\main\AndroidManifest.xml:9:9-54
21        android:supportsRtl="true"
21-->src\main\AndroidManifest.xml:10:9-35
22        android:theme="@style/Theme.MyApplication" >
22-->src\main\AndroidManifest.xml:11:9-51
23        <activity android:name="com.wgd.wgdfilepicker.MainActivity" >
23-->src\main\AndroidManifest.xml:12:9-18:20
23-->src\main\AndroidManifest.xml:12:19-47
24            <intent-filter>
24-->src\main\AndroidManifest.xml:13:13-17:29
25                <action android:name="android.intent.action.MAIN" />
25-->src\main\AndroidManifest.xml:14:17-69
25-->src\main\AndroidManifest.xml:14:25-66
26
27                <category android:name="android.intent.category.LAUNCHER" />
27-->src\main\AndroidManifest.xml:16:17-77
27-->src\main\AndroidManifest.xml:16:27-74
28            </intent-filter>
29        </activity>
30        <activity
30-->[:wgdFilePickerLib] AndroidManifest.xml:13:9-15:39
31            android:name="com.wgd.wgdfilepickerlib.FilePickerActivity"
31-->[:wgdFilePickerLib] AndroidManifest.xml:14:13-71
32            android:exported="true" />
32-->[:wgdFilePickerLib] AndroidManifest.xml:15:13-36
33    </application>
34
35</manifest>